--------------------
./configure
Fri Oct 20 14:07:22 MSK 2017
Checking for gcc...
=== ztest16714.c ===
extern int getchar();
int hello() {return getchar();}
===
gcc -c ztest16714.c
... using gcc

Checking for obsessive-compulsive compiler options...
=== ztest16714.c ===
int foo() { return 0; }
===
gcc -c -O3 ztest16714.c

Checking for shared library support...
=== ztest16714.c ===
extern int getchar();
int hello() {return getchar();}
===
gcc -w -c -O3 -fPIC ztest16714.c
gcc -shared -Wl,-soname,libz.so.1,--version-script,zlib.map -O3 -fPIC -o ztest16714.so ztest16714.o
Building shared library libz.so.1.2.8 with gcc.

=== ztest16714.c ===
#include <sys/types.h>
off64_t dummy = 0;
===
gcc -c -O3 -D_LARGEFILE64_SOURCE=1 ztest16714.c
Checking for off64_t... Yes.
Checking for fseeko... Yes.

=== ztest16714.c ===
#include <string.h>
#include <errno.h>
int main() { return strlen(strerror(errno)); }
===
gcc -O3 -D_LARGEFILE64_SOURCE=1 -o ztest16714 ztest16714.c
Checking for strerror... Yes.

=== ztest16714.c ===
#include <unistd.h>
int main() { return 0; }
===
gcc -c -O3 -D_LARGEFILE64_SOURCE=1 ztest16714.c
Checking for unistd.h... Yes.

=== ztest16714.c ===
#include <stdarg.h>
int main() { return 0; }
===
gcc -c -O3 -D_LARGEFILE64_SOURCE=1 ztest16714.c
Checking for stdarg.h... Yes.

=== ztest16714.c ===
#include <stdio.h>
#include <stdarg.h>
#include "zconf.h"
int main()
{
#ifndef STDC
  choke me
#endif
  return 0;
}
===
gcc -c -O3 -D_LARGEFILE64_SOURCE=1 ztest16714.c
Checking whether to use vs[n]printf() or s[n]printf()... using vs[n]printf().

=== ztest16714.c ===
#include <stdio.h>
#include <stdarg.h>
int mytest(const char *fmt, ...)
{
  char buf[20];
  va_list ap;
  va_start(ap, fmt);
  vsnprintf(buf, sizeof(buf), fmt, ap);
  va_end(ap);
  return 0;
}
int main()
{
  return (mytest("Hello%d\n", 1));
}
===
gcc -O3 -D_LARGEFILE64_SOURCE=1 -o ztest16714 ztest16714.c
Checking for vsnprintf() in stdio.h... Yes.

=== ztest16714.c ===
#include <stdio.h>
#include <stdarg.h>
int mytest(const char *fmt, ...)
{
  int n;
  char buf[20];
  va_list ap;
  va_start(ap, fmt);
  n = vsnprintf(buf, sizeof(buf), fmt, ap);
  va_end(ap);
  return n;
}
int main()
{
  return (mytest("Hello%d\n", 1));
}
===
gcc -c -O3 -D_LARGEFILE64_SOURCE=1 ztest16714.c
Checking for return value of vsnprintf()... Yes.

=== ztest16714.c ===
#define ZLIB_INTERNAL __attribute__((visibility ("hidden")))
int ZLIB_INTERNAL foo;
int main()
{
  return 0;
}
===
gcc -c -O3 -D_LARGEFILE64_SOURCE=1 ztest16714.c
Checking for attribute(visibility) support... Yes.

ALL = static shared all64
AR = ar
ARFLAGS = rc
CC = gcc
CFLAGS = -O3 -D_LARGEFILE64_SOURCE=1 -DHAVE_HIDDEN
CPP = gcc -E
EXE =
LDCONFIG = ldconfig
LDFLAGS =
LDSHARED = gcc -shared -Wl,-soname,libz.so.1,--version-script,zlib.map
LDSHAREDLIBC = -lc
OBJC = $(OBJZ) $(OBJG)
PIC_OBJC = $(PIC_OBJZ) $(PIC_OBJG)
RANLIB = ranlib
SFLAGS = -O3 -fPIC -D_LARGEFILE64_SOURCE=1 -DHAVE_HIDDEN
SHAREDLIB = libz.so
SHAREDLIBM = libz.so.1
SHAREDLIBV = libz.so.1.2.8
STATICLIB = libz.a
TEST = all teststatic testshared test64
VER = 1.2.8
Z_U4 =
exec_prefix = ${prefix}
includedir = ${prefix}/include
libdir = ${exec_prefix}/lib
mandir = ${prefix}/share/man
prefix = /usr/local
sharedlibdir = ${libdir}
uname = Linux
--------------------


--------------------
./configure --prefix=build
Fri Oct 20 14:07:39 MSK 2017
Checking for gcc...
=== ztest16825.c ===
extern int getchar();
int hello() {return getchar();}
===
gcc -c ztest16825.c
... using gcc

Checking for obsessive-compulsive compiler options...
=== ztest16825.c ===
int foo() { return 0; }
===
gcc -c -O3 ztest16825.c

Checking for shared library support...
=== ztest16825.c ===
extern int getchar();
int hello() {return getchar();}
===
gcc -w -c -O3 -fPIC ztest16825.c
gcc -shared -Wl,-soname,libz.so.1,--version-script,zlib.map -O3 -fPIC -o ztest16825.so ztest16825.o
Building shared library libz.so.1.2.8 with gcc.

=== ztest16825.c ===
#include <sys/types.h>
off64_t dummy = 0;
===
gcc -c -O3 -D_LARGEFILE64_SOURCE=1 ztest16825.c
Checking for off64_t... Yes.
Checking for fseeko... Yes.

=== ztest16825.c ===
#include <string.h>
#include <errno.h>
int main() { return strlen(strerror(errno)); }
===
gcc -O3 -D_LARGEFILE64_SOURCE=1 -o ztest16825 ztest16825.c
Checking for strerror... Yes.

=== ztest16825.c ===
#include <unistd.h>
int main() { return 0; }
===
gcc -c -O3 -D_LARGEFILE64_SOURCE=1 ztest16825.c
Checking for unistd.h... Yes.

=== ztest16825.c ===
#include <stdarg.h>
int main() { return 0; }
===
gcc -c -O3 -D_LARGEFILE64_SOURCE=1 ztest16825.c
Checking for stdarg.h... Yes.

=== ztest16825.c ===
#include <stdio.h>
#include <stdarg.h>
#include "zconf.h"
int main()
{
#ifndef STDC
  choke me
#endif
  return 0;
}
===
gcc -c -O3 -D_LARGEFILE64_SOURCE=1 ztest16825.c
Checking whether to use vs[n]printf() or s[n]printf()... using vs[n]printf().

=== ztest16825.c ===
#include <stdio.h>
#include <stdarg.h>
int mytest(const char *fmt, ...)
{
  char buf[20];
  va_list ap;
  va_start(ap, fmt);
  vsnprintf(buf, sizeof(buf), fmt, ap);
  va_end(ap);
  return 0;
}
int main()
{
  return (mytest("Hello%d\n", 1));
}
===
gcc -O3 -D_LARGEFILE64_SOURCE=1 -o ztest16825 ztest16825.c
Checking for vsnprintf() in stdio.h... Yes.

=== ztest16825.c ===
#include <stdio.h>
#include <stdarg.h>
int mytest(const char *fmt, ...)
{
  int n;
  char buf[20];
  va_list ap;
  va_start(ap, fmt);
  n = vsnprintf(buf, sizeof(buf), fmt, ap);
  va_end(ap);
  return n;
}
int main()
{
  return (mytest("Hello%d\n", 1));
}
===
gcc -c -O3 -D_LARGEFILE64_SOURCE=1 ztest16825.c
Checking for return value of vsnprintf()... Yes.

=== ztest16825.c ===
#define ZLIB_INTERNAL __attribute__((visibility ("hidden")))
int ZLIB_INTERNAL foo;
int main()
{
  return 0;
}
===
gcc -c -O3 -D_LARGEFILE64_SOURCE=1 ztest16825.c
Checking for attribute(visibility) support... Yes.

ALL = static shared all64
AR = ar
ARFLAGS = rc
CC = gcc
CFLAGS = -O3 -D_LARGEFILE64_SOURCE=1 -DHAVE_HIDDEN
CPP = gcc -E
EXE =
LDCONFIG = ldconfig
LDFLAGS =
LDSHARED = gcc -shared -Wl,-soname,libz.so.1,--version-script,zlib.map
LDSHAREDLIBC = -lc
OBJC = $(OBJZ) $(OBJG)
PIC_OBJC = $(PIC_OBJZ) $(PIC_OBJG)
RANLIB = ranlib
SFLAGS = -O3 -fPIC -D_LARGEFILE64_SOURCE=1 -DHAVE_HIDDEN
SHAREDLIB = libz.so
SHAREDLIBM = libz.so.1
SHAREDLIBV = libz.so.1.2.8
STATICLIB = libz.a
TEST = all teststatic testshared test64
VER = 1.2.8
Z_U4 =
exec_prefix = ${prefix}
includedir = ${prefix}/include
libdir = ${exec_prefix}/lib
mandir = ${prefix}/share/man
prefix = build
sharedlibdir = ${libdir}
uname = Linux
--------------------


--------------------
./configure --prefix=build
Fri Oct 20 14:08:52 MSK 2017
=== ztest17121.c ===
extern int getchar();
int hello() {return getchar();}
===
/home/pi/emsdk-portable/emscripten/1.37.1/emcc -c ztest17121.c
... using gcc

Checking for obsessive-compulsive compiler options...
=== ztest17121.c ===
int foo() { return 0; }
===
/home/pi/emsdk-portable/emscripten/1.37.1/emcc -c ztest17121.c

Checking for shared library support...
=== ztest17121.c ===
extern int getchar();
int hello() {return getchar();}
===
/home/pi/emsdk-portable/emscripten/1.37.1/emcc -w -c -fPIC ztest17121.c
/home/pi/emsdk-portable/emscripten/1.37.1/emcc -fPIC -o ztest17121.so ztest17121.o
Building shared library libz.so.1.2.8 with /home/pi/emsdk-portable/emscripten/1.37.1/emcc.

=== ztest17121.c ===
#include <sys/types.h>
off64_t dummy = 0;
===
/home/pi/emsdk-portable/emscripten/1.37.1/emcc -c -D_LARGEFILE64_SOURCE=1 ztest17121.c
Checking for off64_t... Yes.
Checking for fseeko... Yes.

=== ztest17121.c ===
#include <string.h>
#include <errno.h>
int main() { return strlen(strerror(errno)); }
===
/home/pi/emsdk-portable/emscripten/1.37.1/emcc -D_LARGEFILE64_SOURCE=1 -o ztest17121 ztest17121.c
Checking for strerror... Yes.

=== ztest17121.c ===
#include <unistd.h>
int main() { return 0; }
===
/home/pi/emsdk-portable/emscripten/1.37.1/emcc -c -D_LARGEFILE64_SOURCE=1 ztest17121.c
Checking for unistd.h... Yes.

=== ztest17121.c ===
#include <stdarg.h>
int main() { return 0; }
===
/home/pi/emsdk-portable/emscripten/1.37.1/emcc -c -D_LARGEFILE64_SOURCE=1 ztest17121.c
Checking for stdarg.h... Yes.

=== ztest17121.c ===
#include <stdio.h>
#include <stdarg.h>
#include "zconf.h"
int main()
{
#ifndef STDC
  choke me
#endif
  return 0;
}
===
/home/pi/emsdk-portable/emscripten/1.37.1/emcc -c -D_LARGEFILE64_SOURCE=1 ztest17121.c
Checking whether to use vs[n]printf() or s[n]printf()... using vs[n]printf().

=== ztest17121.c ===
#include <stdio.h>
#include <stdarg.h>
int mytest(const char *fmt, ...)
{
  char buf[20];
  va_list ap;
  va_start(ap, fmt);
  vsnprintf(buf, sizeof(buf), fmt, ap);
  va_end(ap);
  return 0;
}
int main()
{
  return (mytest("Hello%d\n", 1));
}
===
/home/pi/emsdk-portable/emscripten/1.37.1/emcc -D_LARGEFILE64_SOURCE=1 -o ztest17121 ztest17121.c
Checking for vsnprintf() in stdio.h... Yes.

=== ztest17121.c ===
#include <stdio.h>
#include <stdarg.h>
int mytest(const char *fmt, ...)
{
  int n;
  char buf[20];
  va_list ap;
  va_start(ap, fmt);
  n = vsnprintf(buf, sizeof(buf), fmt, ap);
  va_end(ap);
  return n;
}
int main()
{
  return (mytest("Hello%d\n", 1));
}
===
/home/pi/emsdk-portable/emscripten/1.37.1/emcc -c -D_LARGEFILE64_SOURCE=1 ztest17121.c
Checking for return value of vsnprintf()... Yes.

=== ztest17121.c ===
#define ZLIB_INTERNAL __attribute__((visibility ("hidden")))
int ZLIB_INTERNAL foo;
int main()
{
  return 0;
}
===
/home/pi/emsdk-portable/emscripten/1.37.1/emcc -c -D_LARGEFILE64_SOURCE=1 ztest17121.c
Checking for attribute(visibility) support... Yes.

ALL = static shared all64
AR = /home/pi/emsdk-portable/emscripten/1.37.1/emar
ARFLAGS = rc
CC = /home/pi/emsdk-portable/emscripten/1.37.1/emcc
CFLAGS = -D_LARGEFILE64_SOURCE=1 -DHAVE_HIDDEN
CPP = /home/pi/emsdk-portable/emscripten/1.37.1/emcc -E
EXE =
LDCONFIG = ldconfig
LDFLAGS =
LDSHARED = /home/pi/emsdk-portable/emscripten/1.37.1/emcc
LDSHAREDLIBC = -lc
OBJC = $(OBJZ) $(OBJG)
PIC_OBJC = $(PIC_OBJZ) $(PIC_OBJG)
RANLIB = /home/pi/emsdk-portable/emscripten/1.37.1/emranlib
SFLAGS = -fPIC -D_LARGEFILE64_SOURCE=1 -DHAVE_HIDDEN
SHAREDLIB = libz.so
SHAREDLIBM = libz.so.1
SHAREDLIBV = libz.so.1.2.8
STATICLIB = libz.a
TEST = all teststatic testshared test64
VER = 1.2.8
Z_U4 =
exec_prefix = ${prefix}
includedir = ${prefix}/include
libdir = ${exec_prefix}/lib
mandir = ${prefix}/share/man
prefix = build
sharedlibdir = ${libdir}
uname = Linux
--------------------


